17:12:24.795 [main] INFO  keywords.CommonActionKeywords - *******************************************************************************************************
17:12:24.809 [main] INFO  keywords.CommonActionKeywords - *********************** Default suite Execution Started **********************
17:12:24.828 [main] INFO  keywords.CommonActionKeywords - Sun Aug 22 17:12:23 IST 2021
17:12:24.829 [main] INFO  keywords.CommonActionKeywords - *******************************************************************************************************
17:12:24.832 [main] INFO  demoWebShop.Base - getTestDataProperties-->Loading property: USER_EMAIL from testdata.properties
17:12:24.833 [main] INFO  demoWebShop.Base - getTestDataProperties-->Loading property: USER_PASSWORD from testdata.properties
17:12:24.835 [main] INFO  demoWebShop.Base - getEnvProperties-->loading property: Browser from environment.properties
17:12:24.836 [main] INFO  demoWebShop.Base - getEnvProperties-->loading property: URL_IN_USE from environment.properties
17:12:24.837 [main] INFO  demoWebShop.Base - getEnvProperties-->loading property: Implicit_Wait_Time from environment.properties
17:12:24.838 [main] INFO  demoWebShop.Base - getEnvProperties-->loading property: Explicit_Wait_Time from environment.properties
17:12:24.839 [main] INFO  demoWebShop.Base - getEnvProperties-->loading property: userName from environment.properties
17:12:24.840 [main] INFO  demoWebShop.Base - getEnvProperties-->loading property: passWord from environment.properties
17:12:24.841 [main] INFO  demoWebShop.Base - getEnvProperties-->loading property: emailId from environment.properties
17:12:24.842 [main] INFO  demoWebShop.Base - getEnvProperties-->loading property: URL_IN_USE from environment.properties
17:12:24.843 [main] INFO  demoWebShop.Base - getEnvProperties-->loading property: App_Direct_URL from environment.properties
17:12:24.844 [main] INFO  demoWebShop.Base - getProperties-->loading property: Screenshot_Archive_Days from environment.properties
17:12:28.165 [main] INFO  keywords.CommonActionKeywords - Driver initiaized successfully
17:12:28.208 [main] INFO  keywords.CommonActionKeywords - Closing all the browsers
17:12:28.866 [main] INFO  utilities.Log - Application closed successfully
17:12:28.871 [main] INFO  demoWebShop.Base - getProperties-->loading property: TestReport_Folder from environment.properties
17:12:28.951 [main] INFO  keywords.CommonActionKeywords - Test Cases Passed: [ResultMap map=[]]
17:12:28.951 [main] INFO  keywords.CommonActionKeywords - Test Cases Failed: [ResultMap map=[]]
17:12:28.952 [main] INFO  keywords.CommonActionKeywords - *****************************************************************************************************
17:12:28.953 [main] INFO  keywords.CommonActionKeywords - Test Case execution report available at: null
17:12:28.953 [main] INFO  keywords.CommonActionKeywords - Execution completed: 2021-08-22T17:12:28.882+0530
17:12:28.954 [main] INFO  keywords.CommonActionKeywords - *****************************************************************************************************
17:12:49.046 [main] INFO  keywords.CommonActionKeywords - *******************************************************************************************************
17:12:49.057 [main] INFO  keywords.CommonActionKeywords - *********************** Default suite Execution Started **********************
17:12:49.078 [main] INFO  keywords.CommonActionKeywords - Sun Aug 22 17:12:47 IST 2021
17:12:49.078 [main] INFO  keywords.CommonActionKeywords - *******************************************************************************************************
17:12:49.081 [main] INFO  demoWebShop.Base - getTestDataProperties-->Loading property: USER_EMAIL from testdata.properties
17:12:49.082 [main] INFO  demoWebShop.Base - getTestDataProperties-->Loading property: USER_PASSWORD from testdata.properties
17:12:49.083 [main] INFO  demoWebShop.Base - getEnvProperties-->loading property: Browser from environment.properties
17:12:49.084 [main] INFO  demoWebShop.Base - getEnvProperties-->loading property: URL_IN_USE from environment.properties
17:12:49.085 [main] INFO  demoWebShop.Base - getEnvProperties-->loading property: Implicit_Wait_Time from environment.properties
17:12:49.085 [main] INFO  demoWebShop.Base - getEnvProperties-->loading property: Explicit_Wait_Time from environment.properties
17:12:49.086 [main] INFO  demoWebShop.Base - getEnvProperties-->loading property: userName from environment.properties
17:12:49.087 [main] INFO  demoWebShop.Base - getEnvProperties-->loading property: passWord from environment.properties
17:12:49.088 [main] INFO  demoWebShop.Base - getEnvProperties-->loading property: emailId from environment.properties
17:12:49.089 [main] INFO  demoWebShop.Base - getEnvProperties-->loading property: URL_IN_USE from environment.properties
17:12:49.091 [main] INFO  demoWebShop.Base - getEnvProperties-->loading property: App_Direct_URL from environment.properties
17:12:49.093 [main] INFO  demoWebShop.Base - getProperties-->loading property: Screenshot_Archive_Days from environment.properties
17:12:52.443 [main] INFO  keywords.CommonActionKeywords - Driver initiaized successfully
17:12:52.480 [main] INFO  keywords.CommonActionKeywords - Closing all the browsers
17:12:53.138 [main] INFO  utilities.Log - Application closed successfully
17:12:53.145 [main] INFO  demoWebShop.Base - getProperties-->loading property: TestReport_Folder from environment.properties
17:12:53.268 [main] INFO  keywords.CommonActionKeywords - Test Cases Passed: [ResultMap map=[]]
17:12:53.269 [main] INFO  keywords.CommonActionKeywords - Test Cases Failed: [ResultMap map=[]]
17:12:53.269 [main] INFO  keywords.CommonActionKeywords - *****************************************************************************************************
17:12:53.271 [main] INFO  keywords.CommonActionKeywords - Test Case execution report available at: null
17:12:53.273 [main] INFO  keywords.CommonActionKeywords - Execution completed: 2021-08-22T17:12:53.166+0530
17:12:53.273 [main] INFO  keywords.CommonActionKeywords - *****************************************************************************************************
