16:20:53.841 [main] INFO  keywords.CommonActionKeywords - *******************************************************************************************************
16:20:53.852 [main] INFO  keywords.CommonActionKeywords - *********************** Default suite Execution Started **********************
16:20:53.870 [main] INFO  keywords.CommonActionKeywords - Sun Aug 22 16:20:52 IST 2021
16:20:53.871 [main] INFO  keywords.CommonActionKeywords - *******************************************************************************************************
16:20:53.874 [main] INFO  demoWebShop.Base - getTestDataProperties-->Loading property: USER_EMAIL from testdata.properties
16:20:53.875 [main] INFO  demoWebShop.Base - getTestDataProperties-->Loading property: USER_PASSWORD from testdata.properties
16:20:53.876 [main] INFO  demoWebShop.Base - getEnvProperties-->loading property: Browser from environment.properties
16:20:53.877 [main] INFO  demoWebShop.Base - getEnvProperties-->loading property: URL_IN_USE from environment.properties
16:20:53.878 [main] INFO  demoWebShop.Base - getEnvProperties-->loading property: Implicit_Wait_Time from environment.properties
16:20:53.879 [main] INFO  demoWebShop.Base - getEnvProperties-->loading property: Explicit_Wait_Time from environment.properties
16:20:53.880 [main] INFO  demoWebShop.Base - getEnvProperties-->loading property: userName from environment.properties
16:20:53.881 [main] INFO  demoWebShop.Base - getEnvProperties-->loading property: passWord from environment.properties
16:20:53.882 [main] INFO  demoWebShop.Base - getEnvProperties-->loading property: emailId from environment.properties
16:20:53.883 [main] INFO  demoWebShop.Base - getEnvProperties-->loading property: URL_IN_USE from environment.properties
16:20:53.883 [main] INFO  demoWebShop.Base - getEnvProperties-->loading property: App_Direct_URL from environment.properties
16:20:53.884 [main] INFO  demoWebShop.Base - getProperties-->loading property: Screenshot_Archive_Days from environment.properties
16:21:19.148 [main] INFO  keywords.CommonActionKeywords - Driver initiaized successfully
16:21:19.171 [main] INFO  keywords.CommonActionKeywords - Closing all the browsers
16:21:20.079 [main] INFO  utilities.Log - Application closed successfully
16:21:20.084 [main] INFO  demoWebShop.Base - getProperties-->loading property: TestReport_Folder from environment.properties
16:21:20.182 [main] INFO  keywords.CommonActionKeywords - Test Cases Passed: [ResultMap map=[]]
16:21:20.183 [main] INFO  keywords.CommonActionKeywords - Test Cases Failed: [ResultMap map=[]]
16:21:20.183 [main] INFO  keywords.CommonActionKeywords - *****************************************************************************************************
16:21:20.183 [main] INFO  keywords.CommonActionKeywords - Test Case execution report available at: null
16:21:20.184 [main] INFO  keywords.CommonActionKeywords - Execution completed: 2021-08-22T16:21:20.099+0530
16:21:20.185 [main] INFO  keywords.CommonActionKeywords - *****************************************************************************************************
