17:26:21.965 [main] INFO  keywords.CommonActionKeywords - *******************************************************************************************************
17:26:22.023 [main] INFO  keywords.CommonActionKeywords - *********************** Default suite Execution Started **********************
17:26:22.042 [main] INFO  keywords.CommonActionKeywords - Sun Aug 22 17:26:20 IST 2021
17:26:22.042 [main] INFO  keywords.CommonActionKeywords - *******************************************************************************************************
17:26:22.046 [main] INFO  demoWebShop.Base - getTestDataProperties-->Loading property: USER_EMAIL from testdata.properties
17:26:22.046 [main] INFO  demoWebShop.Base - getTestDataProperties-->Loading property: USER_PASSWORD from testdata.properties
17:26:22.048 [main] INFO  demoWebShop.Base - getEnvProperties-->loading property: Browser from environment.properties
17:26:22.048 [main] INFO  demoWebShop.Base - getEnvProperties-->loading property: URL_IN_USE from environment.properties
17:26:22.049 [main] INFO  demoWebShop.Base - getEnvProperties-->loading property: Implicit_Wait_Time from environment.properties
17:26:22.050 [main] INFO  demoWebShop.Base - getEnvProperties-->loading property: Explicit_Wait_Time from environment.properties
17:26:22.050 [main] INFO  demoWebShop.Base - getEnvProperties-->loading property: userName from environment.properties
17:26:22.051 [main] INFO  demoWebShop.Base - getEnvProperties-->loading property: passWord from environment.properties
17:26:22.052 [main] INFO  demoWebShop.Base - getEnvProperties-->loading property: emailId from environment.properties
17:26:22.053 [main] INFO  demoWebShop.Base - getEnvProperties-->loading property: URL_IN_USE from environment.properties
17:26:22.054 [main] INFO  demoWebShop.Base - getEnvProperties-->loading property: App_Direct_URL from environment.properties
17:26:22.055 [main] INFO  demoWebShop.Base - getProperties-->loading property: Screenshot_Archive_Days from environment.properties
17:26:25.438 [main] INFO  keywords.CommonActionKeywords - Driver initiaized successfully
17:26:25.477 [main] INFO  keywords.CommonActionKeywords - Closing all the browsers
17:26:26.125 [main] INFO  utilities.Log - Application closed successfully
17:26:26.131 [main] INFO  demoWebShop.Base - getProperties-->loading property: TestReport_Folder from environment.properties
17:26:26.211 [main] INFO  keywords.CommonActionKeywords - Test Cases Passed: [ResultMap map=[]]
17:26:26.211 [main] INFO  keywords.CommonActionKeywords - Test Cases Failed: [ResultMap map=[]]
17:26:26.212 [main] INFO  keywords.CommonActionKeywords - *****************************************************************************************************
17:26:26.212 [main] INFO  keywords.CommonActionKeywords - Test Case execution report available at: null
17:26:26.213 [main] INFO  keywords.CommonActionKeywords - Execution completed: 2021-08-22T17:26:26.148+0530
17:26:26.213 [main] INFO  keywords.CommonActionKeywords - *****************************************************************************************************
