18:47:24.595 [main] INFO  keywords.CommonActionKeywords - *******************************************************************************************************
18:47:24.608 [main] INFO  keywords.CommonActionKeywords - *********************** ***TEST RUN*** Execution Started **********************
18:47:24.628 [main] INFO  keywords.CommonActionKeywords - Thu Nov 18 18:47:24 IST 2021
18:47:24.629 [main] INFO  keywords.CommonActionKeywords - *******************************************************************************************************
18:47:24.631 [main] INFO  demoWebShop.Base - getTestDataProperties-->Loading property: USER_EMAIL from testdata.properties
18:47:24.632 [main] INFO  demoWebShop.Base - getTestDataProperties-->Loading property: USER_PASSWORD from testdata.properties
18:47:24.633 [main] INFO  demoWebShop.Base - getEnvProperties-->loading property: Browser from environment.properties
18:47:24.633 [main] INFO  demoWebShop.Base - getEnvProperties-->loading property: URL_IN_USE from environment.properties
18:47:24.635 [main] INFO  demoWebShop.Base - getEnvProperties-->loading property: Implicit_Wait_Time from environment.properties
18:47:24.635 [main] INFO  demoWebShop.Base - getEnvProperties-->loading property: Explicit_Wait_Time from environment.properties
18:47:24.636 [main] INFO  demoWebShop.Base - getEnvProperties-->loading property: userName from environment.properties
18:47:24.637 [main] INFO  demoWebShop.Base - getEnvProperties-->loading property: passWord from environment.properties
18:47:24.638 [main] INFO  demoWebShop.Base - getEnvProperties-->loading property: emailId from environment.properties
18:47:24.638 [main] INFO  demoWebShop.Base - getEnvProperties-->loading property: URL_IN_USE from environment.properties
18:47:24.639 [main] INFO  demoWebShop.Base - getEnvProperties-->loading property: App_Direct_URL from environment.properties
18:47:24.640 [main] INFO  demoWebShop.Base - getProperties-->loading property: Screenshot_Archive_Days from environment.properties
18:47:24.641 [main] INFO  demoWebShop.Base - getProperties-->loading property: Screenshot_Location from environment.properties
18:47:24.648 [main] INFO  utilities.ExecutionResult - *******************************************************************************************************
18:47:24.649 [main] INFO  utilities.ExecutionResult - ************************Test Module: registerUser Execution Started************************
18:47:24.649 [main] INFO  utilities.ExecutionResult - Thu Nov 18 18:47:24 IST 2021
18:47:24.650 [main] INFO  utilities.ExecutionResult - *******************************************************************************************************
18:47:24.691 [main] INFO  demoWebShop.Base - getProperties-->loading property: TestData_Folder from environment.properties
18:47:25.471 [main] INFO  dataengine.DataEngine - **********************************************************************************************
18:47:25.472 [main] ERROR dataengine.DataEngine - Method parameter mismatch with the test data. Please correct. Method Parameter: 2 Test Data Column: 0
18:47:25.472 [main] INFO  dataengine.TestDataProvider - *****************************************************************************************************
18:47:25.473 [main] INFO  dataengine.TestDataProvider - Test Execution Skipped. Test Data does not exist or mismatches for the test case: registerPageTest
18:47:25.473 [main] INFO  dataengine.TestDataProvider - *****************************************************************************************************
18:47:25.500 [main] INFO  utilities.ExecutionResult - *******************************************************************************************************
18:47:25.501 [main] INFO  utilities.ExecutionResult - ************************Test Module: registerUser Execution Completed************************
18:47:25.502 [main] INFO  utilities.ExecutionResult - Thu Nov 18 18:47:25 IST 2021
18:47:25.502 [main] INFO  utilities.ExecutionResult - *******************************************************************************************************
18:47:25.505 [main] INFO  keywords.CommonActionKeywords - Test Cases Passed: [ResultMap map=[]]
18:47:25.505 [main] INFO  keywords.CommonActionKeywords - Test Cases Failed: [ResultMap map=[]]
18:47:25.506 [main] INFO  keywords.CommonActionKeywords - *****************************************************************************************************
18:47:25.508 [main] INFO  keywords.CommonActionKeywords - Test Case execution report available at: null
18:47:25.508 [main] INFO  keywords.CommonActionKeywords - Execution completed: 2021-11-18T18:47:25.483+0530
18:47:25.509 [main] INFO  keywords.CommonActionKeywords - *****************************************************************************************************
18:47:25.510 [main] INFO  demoWebShop.Base - getProperties-->loading property: TestReport_Folder from environment.properties
