16:52:17.988 [main] INFO  keywords.CommonActionKeywords - *******************************************************************************************************
16:52:18.000 [main] INFO  keywords.CommonActionKeywords - *********************** Default suite Execution Started **********************
16:52:18.016 [main] INFO  keywords.CommonActionKeywords - Sun Aug 22 16:52:16 IST 2021
16:52:18.017 [main] INFO  keywords.CommonActionKeywords - *******************************************************************************************************
16:52:18.021 [main] INFO  demoWebShop.Base - getTestDataProperties-->Loading property: USER_EMAIL from testdata.properties
16:52:18.021 [main] INFO  demoWebShop.Base - getTestDataProperties-->Loading property: USER_PASSWORD from testdata.properties
16:52:18.023 [main] INFO  demoWebShop.Base - getEnvProperties-->loading property: Browser from environment.properties
16:52:18.023 [main] INFO  demoWebShop.Base - getEnvProperties-->loading property: URL_IN_USE from environment.properties
16:52:18.024 [main] INFO  demoWebShop.Base - getEnvProperties-->loading property: Implicit_Wait_Time from environment.properties
16:52:18.025 [main] INFO  demoWebShop.Base - getEnvProperties-->loading property: Explicit_Wait_Time from environment.properties
16:52:18.026 [main] INFO  demoWebShop.Base - getEnvProperties-->loading property: userName from environment.properties
16:52:18.027 [main] INFO  demoWebShop.Base - getEnvProperties-->loading property: passWord from environment.properties
16:52:18.028 [main] INFO  demoWebShop.Base - getEnvProperties-->loading property: emailId from environment.properties
16:52:18.029 [main] INFO  demoWebShop.Base - getEnvProperties-->loading property: URL_IN_USE from environment.properties
16:52:18.029 [main] INFO  demoWebShop.Base - getEnvProperties-->loading property: App_Direct_URL from environment.properties
16:52:18.030 [main] INFO  demoWebShop.Base - getProperties-->loading property: Screenshot_Archive_Days from environment.properties
16:52:22.239 [main] INFO  keywords.CommonActionKeywords - Driver initiaized successfully
16:52:22.265 [main] INFO  keywords.CommonActionKeywords - Closing all the browsers
16:52:22.948 [main] INFO  utilities.Log - Application closed successfully
16:52:22.951 [main] INFO  demoWebShop.Base - getProperties-->loading property: TestReport_Folder from environment.properties
16:52:23.022 [main] INFO  keywords.CommonActionKeywords - Test Cases Passed: [ResultMap map=[]]
16:52:23.023 [main] INFO  keywords.CommonActionKeywords - Test Cases Failed: [ResultMap map=[]]
16:52:23.023 [main] INFO  keywords.CommonActionKeywords - *****************************************************************************************************
16:52:23.024 [main] INFO  keywords.CommonActionKeywords - Test Case execution report available at: null
16:52:23.025 [main] INFO  keywords.CommonActionKeywords - Execution completed: 2021-08-22T16:52:22.959+0530
16:52:23.025 [main] INFO  keywords.CommonActionKeywords - *****************************************************************************************************
