22:59:08.053 [main] INFO  keywords.CommonActionKeywords - *******************************************************************************************************
22:59:08.064 [main] INFO  keywords.CommonActionKeywords - *********************** Default suite Execution Started **********************
22:59:08.079 [main] INFO  keywords.CommonActionKeywords - Sun Sep 05 22:59:06 IST 2021
22:59:08.080 [main] INFO  keywords.CommonActionKeywords - *******************************************************************************************************
22:59:08.082 [main] INFO  demoWebShop.Base - getTestDataProperties-->Loading property: USER_EMAIL from testdata.properties
22:59:08.083 [main] INFO  demoWebShop.Base - getTestDataProperties-->Loading property: USER_PASSWORD from testdata.properties
22:59:08.092 [main] INFO  demoWebShop.Base - getEnvProperties-->loading property: Browser from environment.properties
22:59:08.093 [main] INFO  demoWebShop.Base - getEnvProperties-->loading property: URL_IN_USE from environment.properties
22:59:08.094 [main] INFO  demoWebShop.Base - getEnvProperties-->loading property: Implicit_Wait_Time from environment.properties
22:59:08.095 [main] INFO  demoWebShop.Base - getEnvProperties-->loading property: Explicit_Wait_Time from environment.properties
22:59:08.096 [main] INFO  demoWebShop.Base - getEnvProperties-->loading property: userName from environment.properties
22:59:08.096 [main] INFO  demoWebShop.Base - getEnvProperties-->loading property: passWord from environment.properties
22:59:08.097 [main] INFO  demoWebShop.Base - getEnvProperties-->loading property: emailId from environment.properties
22:59:08.098 [main] INFO  demoWebShop.Base - getEnvProperties-->loading property: URL_IN_USE from environment.properties
22:59:08.099 [main] INFO  demoWebShop.Base - getEnvProperties-->loading property: App_Direct_URL from environment.properties
22:59:08.101 [main] INFO  demoWebShop.Base - getProperties-->loading property: Screenshot_Archive_Days from environment.properties
22:59:08.102 [main] INFO  demoWebShop.Base - getProperties-->loading property: Screenshot_Location from environment.properties
23:00:05.777 [main] ERROR utilities.Log - Unable to initialize the driverorg.openqa.selenium.WebDriverException: chrome not reachable
  (Session info: chrome=93.0.4577.63)
Build info: version: '3.141.59', revision: 'e82be7d358', time: '2018-11-14T08:17:03'
System info: host: 'FSOCIETY', ip: '192.168.43.229', os.name: 'Windows 8.1', os.arch: 'amd64', os.version: '6.3', java.version: '16.0.1'
Driver info: org.openqa.selenium.chrome.ChromeDriver
Capabilities {acceptInsecureCerts: false, browserName: chrome, browserVersion: 93.0.4577.63, chrome: {chromedriverVersion: 93.0.4577.15 (660fc11082ba5..., userDataDir: C:\Users\shailesh\AppData\L...}, goog:chromeOptions: {debuggerAddress: localhost:61146}, javascriptEnabled: true, networkConnectionEnabled: false, pageLoadStrategy: normal, platform: WINDOWS, platformName: WINDOWS, proxy: Proxy(), setWindowRect: true, strictFileInteractability: false, timeouts: {implicit: 0, pageLoad: 300000, script: 30000}, unhandledPromptBehavior: dismiss and notify, webauthn:extension:credBlob: true, webauthn:extension:largeBlob: true, webauthn:virtualAuthenticators: true}
Session ID: 9595678b18b7b033e91c0ce0acd99ab3
23:00:05.811 [main] INFO  demoWebShop.Base - getProperties-->loading property: TestReport_Folder from environment.properties
23:00:06.017 [main] INFO  demoWebShop.Base - getProperties-->loading property: Environment from environment.properties
23:00:23.123 [main] INFO  keywords.CommonActionKeywords - Closing all the browsers
23:00:23.793 [main] INFO  utilities.Log - Application closed successfully
