00:13:36.003 [main] INFO  keywords.CommonActionKeywords - *******************************************************************************************************
00:13:36.070 [main] INFO  keywords.CommonActionKeywords - *********************** Default suite Execution Started **********************
00:13:36.110 [main] INFO  keywords.CommonActionKeywords - Mon Sep 06 00:13:34 IST 2021
00:13:36.111 [main] INFO  keywords.CommonActionKeywords - *******************************************************************************************************
00:13:36.116 [main] INFO  demoWebShop.Base - getTestDataProperties-->Loading property: USER_EMAIL from testdata.properties
00:13:36.118 [main] INFO  demoWebShop.Base - getTestDataProperties-->Loading property: USER_PASSWORD from testdata.properties
00:13:36.119 [main] INFO  demoWebShop.Base - getEnvProperties-->loading property: Browser from environment.properties
00:13:36.120 [main] INFO  demoWebShop.Base - getEnvProperties-->loading property: URL_IN_USE from environment.properties
00:13:36.121 [main] INFO  demoWebShop.Base - getEnvProperties-->loading property: Implicit_Wait_Time from environment.properties
00:13:36.122 [main] INFO  demoWebShop.Base - getEnvProperties-->loading property: Explicit_Wait_Time from environment.properties
00:13:36.123 [main] INFO  demoWebShop.Base - getEnvProperties-->loading property: userName from environment.properties
00:13:36.124 [main] INFO  demoWebShop.Base - getEnvProperties-->loading property: passWord from environment.properties
00:13:36.125 [main] INFO  demoWebShop.Base - getEnvProperties-->loading property: emailId from environment.properties
00:13:36.126 [main] INFO  demoWebShop.Base - getEnvProperties-->loading property: URL_IN_USE from environment.properties
00:13:36.126 [main] INFO  demoWebShop.Base - getEnvProperties-->loading property: App_Direct_URL from environment.properties
00:13:36.127 [main] INFO  demoWebShop.Base - getProperties-->loading property: Screenshot_Archive_Days from environment.properties
00:13:36.128 [main] INFO  demoWebShop.Base - getProperties-->loading property: Screenshot_Location from environment.properties
00:13:36.240 [main] INFO  keywords.CommonActionKeywords - Test Cases Passed: [ResultMap map=[]]
00:13:36.240 [main] INFO  keywords.CommonActionKeywords - Test Cases Failed: [ResultMap map=[[TestResult name=registerPageTest status=FAILURE method=S100_testRegisterUser.registerPageTest(java.lang.String,java.lang.String)[pri:0, instance:registerUser.S100_testRegisterUser@1e1d3956] output={null}]]]
00:13:36.241 [main] INFO  keywords.CommonActionKeywords - *****************************************************************************************************
00:13:36.242 [main] INFO  keywords.CommonActionKeywords - Test Case execution report available at: null
00:13:36.243 [main] INFO  keywords.CommonActionKeywords - Execution completed: 2021-09-06T00:13:36.204+0530
00:13:36.244 [main] INFO  keywords.CommonActionKeywords - *****************************************************************************************************
00:13:36.245 [main] INFO  demoWebShop.Base - getProperties-->loading property: TestReport_Folder from environment.properties
