19:12:29.562 [main] INFO  keywords.CommonActionKeywords - *******************************************************************************************************
19:12:29.574 [main] INFO  keywords.CommonActionKeywords - *********************** Default suite Execution Started **********************
19:12:29.591 [main] INFO  keywords.CommonActionKeywords - Wed Nov 17 19:12:28 IST 2021
19:12:29.592 [main] INFO  keywords.CommonActionKeywords - *******************************************************************************************************
19:12:29.594 [main] INFO  demoWebShop.Base - getTestDataProperties-->Loading property: USER_EMAIL from testdata.properties
19:12:29.595 [main] INFO  demoWebShop.Base - getTestDataProperties-->Loading property: USER_PASSWORD from testdata.properties
19:12:29.596 [main] INFO  demoWebShop.Base - getEnvProperties-->loading property: Browser from environment.properties
19:12:29.597 [main] INFO  demoWebShop.Base - getEnvProperties-->loading property: URL_IN_USE from environment.properties
19:12:29.598 [main] INFO  demoWebShop.Base - getEnvProperties-->loading property: Implicit_Wait_Time from environment.properties
19:12:29.599 [main] INFO  demoWebShop.Base - getEnvProperties-->loading property: Explicit_Wait_Time from environment.properties
19:12:29.600 [main] INFO  demoWebShop.Base - getEnvProperties-->loading property: userName from environment.properties
19:12:29.601 [main] INFO  demoWebShop.Base - getEnvProperties-->loading property: passWord from environment.properties
19:12:29.602 [main] INFO  demoWebShop.Base - getEnvProperties-->loading property: emailId from environment.properties
19:12:29.603 [main] INFO  demoWebShop.Base - getEnvProperties-->loading property: URL_IN_USE from environment.properties
19:12:29.603 [main] INFO  demoWebShop.Base - getEnvProperties-->loading property: App_Direct_URL from environment.properties
19:12:29.604 [main] INFO  demoWebShop.Base - getProperties-->loading property: Screenshot_Archive_Days from environment.properties
19:12:29.605 [main] INFO  demoWebShop.Base - getProperties-->loading property: Screenshot_Location from environment.properties
19:12:29.656 [main] INFO  demoWebShop.Base - getProperties-->loading property: TestData_Folder from environment.properties
19:12:30.441 [main] INFO  dataengine.TestDataProvider - *****************************************************************************************************
19:12:30.441 [main] INFO  dataengine.TestDataProvider - Test Execution Skipped. Test Data does not exist or mismatches for the test case: registerPageTest
19:12:30.442 [main] INFO  dataengine.TestDataProvider - *****************************************************************************************************
19:12:30.474 [main] INFO  keywords.CommonActionKeywords - Test Cases Passed: [ResultMap map=[]]
19:12:30.474 [main] INFO  keywords.CommonActionKeywords - Test Cases Failed: [ResultMap map=[]]
19:12:30.474 [main] INFO  keywords.CommonActionKeywords - *****************************************************************************************************
19:12:30.476 [main] INFO  keywords.CommonActionKeywords - Test Case execution report available at: null
19:12:30.477 [main] INFO  keywords.CommonActionKeywords - Execution completed: 2021-11-17T19:12:30.449+0530
19:12:30.477 [main] INFO  keywords.CommonActionKeywords - *****************************************************************************************************
19:12:30.478 [main] INFO  demoWebShop.Base - getProperties-->loading property: TestReport_Folder from environment.properties
