00:09:22.745 [main] INFO  keywords.CommonActionKeywords - *******************************************************************************************************
00:09:22.756 [main] INFO  keywords.CommonActionKeywords - *********************** Default suite Execution Started **********************
00:09:22.771 [main] INFO  keywords.CommonActionKeywords - Mon Sep 06 00:09:21 IST 2021
00:09:22.771 [main] INFO  keywords.CommonActionKeywords - *******************************************************************************************************
00:09:22.773 [main] INFO  demoWebShop.Base - getTestDataProperties-->Loading property: USER_EMAIL from testdata.properties
00:09:22.774 [main] INFO  demoWebShop.Base - getTestDataProperties-->Loading property: USER_PASSWORD from testdata.properties
00:09:22.775 [main] INFO  demoWebShop.Base - getEnvProperties-->loading property: Browser from environment.properties
00:09:22.776 [main] INFO  demoWebShop.Base - getEnvProperties-->loading property: URL_IN_USE from environment.properties
00:09:22.777 [main] INFO  demoWebShop.Base - getEnvProperties-->loading property: Implicit_Wait_Time from environment.properties
00:09:22.777 [main] INFO  demoWebShop.Base - getEnvProperties-->loading property: Explicit_Wait_Time from environment.properties
00:09:22.778 [main] INFO  demoWebShop.Base - getEnvProperties-->loading property: userName from environment.properties
00:09:22.779 [main] INFO  demoWebShop.Base - getEnvProperties-->loading property: passWord from environment.properties
00:09:22.781 [main] INFO  demoWebShop.Base - getEnvProperties-->loading property: emailId from environment.properties
00:09:22.781 [main] INFO  demoWebShop.Base - getEnvProperties-->loading property: URL_IN_USE from environment.properties
00:09:22.782 [main] INFO  demoWebShop.Base - getEnvProperties-->loading property: App_Direct_URL from environment.properties
00:09:22.783 [main] INFO  demoWebShop.Base - getProperties-->loading property: Screenshot_Archive_Days from environment.properties
00:09:22.784 [main] INFO  demoWebShop.Base - getProperties-->loading property: Screenshot_Location from environment.properties
00:09:22.897 [main] INFO  keywords.CommonActionKeywords - Test Cases Passed: [ResultMap map=[]]
00:09:22.897 [main] INFO  keywords.CommonActionKeywords - Test Cases Failed: [ResultMap map=[[TestResult name=registerPageTest status=FAILURE method=S100_testRegisterUser.registerPageTest(java.lang.String,java.lang.String)[pri:0, instance:registerUser.S100_testRegisterUser@1e1d3956] output={null}]]]
00:09:22.898 [main] INFO  keywords.CommonActionKeywords - *****************************************************************************************************
00:09:22.901 [main] INFO  keywords.CommonActionKeywords - Test Case execution report available at: null
00:09:22.904 [main] INFO  keywords.CommonActionKeywords - Execution completed: 2021-09-06T00:09:22.849+0530
00:09:22.905 [main] INFO  keywords.CommonActionKeywords - *****************************************************************************************************
00:09:22.906 [main] INFO  demoWebShop.Base - getProperties-->loading property: TestReport_Folder from environment.properties
