23:10:22.297 [main] INFO  keywords.CommonActionKeywords - *******************************************************************************************************
23:10:22.312 [main] INFO  keywords.CommonActionKeywords - *********************** Default suite Execution Started **********************
23:10:22.331 [main] INFO  keywords.CommonActionKeywords - Sun Sep 05 23:10:20 IST 2021
23:10:22.332 [main] INFO  keywords.CommonActionKeywords - *******************************************************************************************************
23:10:22.335 [main] INFO  demoWebShop.Base - getTestDataProperties-->Loading property: USER_EMAIL from testdata.properties
23:10:22.337 [main] INFO  demoWebShop.Base - getTestDataProperties-->Loading property: USER_PASSWORD from testdata.properties
23:10:22.345 [main] INFO  demoWebShop.Base - getEnvProperties-->loading property: Browser from environment.properties
23:10:22.346 [main] INFO  demoWebShop.Base - getEnvProperties-->loading property: URL_IN_USE from environment.properties
23:10:22.348 [main] INFO  demoWebShop.Base - getEnvProperties-->loading property: Implicit_Wait_Time from environment.properties
23:10:22.349 [main] INFO  demoWebShop.Base - getEnvProperties-->loading property: Explicit_Wait_Time from environment.properties
23:10:22.350 [main] INFO  demoWebShop.Base - getEnvProperties-->loading property: userName from environment.properties
23:10:22.350 [main] INFO  demoWebShop.Base - getEnvProperties-->loading property: passWord from environment.properties
23:10:22.351 [main] INFO  demoWebShop.Base - getEnvProperties-->loading property: emailId from environment.properties
23:10:22.352 [main] INFO  demoWebShop.Base - getEnvProperties-->loading property: URL_IN_USE from environment.properties
23:10:22.353 [main] INFO  demoWebShop.Base - getEnvProperties-->loading property: App_Direct_URL from environment.properties
23:10:22.355 [main] INFO  demoWebShop.Base - getProperties-->loading property: Screenshot_Archive_Days from environment.properties
23:10:22.356 [main] INFO  demoWebShop.Base - getProperties-->loading property: Screenshot_Location from environment.properties
23:10:22.411 [main] INFO  keywords.CommonActionKeywords - Test Cases Passed: [ResultMap map=[]]
23:10:22.412 [main] INFO  keywords.CommonActionKeywords - Test Cases Failed: [ResultMap map=[]]
23:10:22.413 [main] INFO  keywords.CommonActionKeywords - *****************************************************************************************************
23:10:22.415 [main] INFO  keywords.CommonActionKeywords - Test Case execution report available at: null
23:10:22.416 [main] INFO  keywords.CommonActionKeywords - Execution completed: 2021-09-05T23:10:22.375+0530
23:10:22.417 [main] INFO  keywords.CommonActionKeywords - *****************************************************************************************************
23:10:22.419 [main] INFO  demoWebShop.Base - getProperties-->loading property: TestReport_Folder from environment.properties
