17:16:21.314 [main] INFO  keywords.CommonActionKeywords - *******************************************************************************************************
17:16:21.327 [main] INFO  keywords.CommonActionKeywords - *********************** Default suite Execution Started **********************
17:16:21.344 [main] INFO  keywords.CommonActionKeywords - Sun Aug 22 17:16:20 IST 2021
17:16:21.345 [main] INFO  keywords.CommonActionKeywords - *******************************************************************************************************
17:16:21.347 [main] INFO  demoWebShop.Base - getTestDataProperties-->Loading property: USER_EMAIL from testdata.properties
17:16:21.348 [main] INFO  demoWebShop.Base - getTestDataProperties-->Loading property: USER_PASSWORD from testdata.properties
17:16:21.350 [main] INFO  demoWebShop.Base - getEnvProperties-->loading property: Browser from environment.properties
17:16:21.351 [main] INFO  demoWebShop.Base - getEnvProperties-->loading property: URL_IN_USE from environment.properties
17:16:21.353 [main] INFO  demoWebShop.Base - getEnvProperties-->loading property: Implicit_Wait_Time from environment.properties
17:16:21.354 [main] INFO  demoWebShop.Base - getEnvProperties-->loading property: Explicit_Wait_Time from environment.properties
17:16:21.355 [main] INFO  demoWebShop.Base - getEnvProperties-->loading property: userName from environment.properties
17:16:21.356 [main] INFO  demoWebShop.Base - getEnvProperties-->loading property: passWord from environment.properties
17:16:21.357 [main] INFO  demoWebShop.Base - getEnvProperties-->loading property: emailId from environment.properties
17:16:21.358 [main] INFO  demoWebShop.Base - getEnvProperties-->loading property: URL_IN_USE from environment.properties
17:16:21.359 [main] INFO  demoWebShop.Base - getEnvProperties-->loading property: App_Direct_URL from environment.properties
17:16:21.360 [main] INFO  demoWebShop.Base - getProperties-->loading property: Screenshot_Archive_Days from environment.properties
17:16:24.401 [main] INFO  keywords.CommonActionKeywords - Driver initiaized successfully
17:16:24.423 [main] INFO  keywords.CommonActionKeywords - Closing all the browsers
17:16:25.064 [main] INFO  utilities.Log - Application closed successfully
17:16:25.070 [main] INFO  demoWebShop.Base - getProperties-->loading property: TestReport_Folder from environment.properties
17:16:25.164 [main] INFO  keywords.CommonActionKeywords - Test Cases Passed: [ResultMap map=[]]
17:16:25.165 [main] INFO  keywords.CommonActionKeywords - Test Cases Failed: [ResultMap map=[]]
17:16:25.165 [main] INFO  keywords.CommonActionKeywords - *****************************************************************************************************
17:16:25.166 [main] INFO  keywords.CommonActionKeywords - Test Case execution report available at: null
17:16:25.166 [main] INFO  keywords.CommonActionKeywords - Execution completed: 2021-08-22T17:16:25.089+0530
17:16:25.167 [main] INFO  keywords.CommonActionKeywords - *****************************************************************************************************
