16:54:49.314 [main] INFO  keywords.CommonActionKeywords - *******************************************************************************************************
16:54:49.324 [main] INFO  keywords.CommonActionKeywords - *********************** Default suite Execution Started **********************
16:54:49.338 [main] INFO  keywords.CommonActionKeywords - Sun Aug 22 16:54:48 IST 2021
16:54:49.339 [main] INFO  keywords.CommonActionKeywords - *******************************************************************************************************
16:54:49.342 [main] INFO  demoWebShop.Base - getTestDataProperties-->Loading property: USER_EMAIL from testdata.properties
16:54:49.342 [main] INFO  demoWebShop.Base - getTestDataProperties-->Loading property: USER_PASSWORD from testdata.properties
16:54:49.343 [main] INFO  demoWebShop.Base - getEnvProperties-->loading property: Browser from environment.properties
16:54:49.344 [main] INFO  demoWebShop.Base - getEnvProperties-->loading property: URL_IN_USE from environment.properties
16:54:49.345 [main] INFO  demoWebShop.Base - getEnvProperties-->loading property: Implicit_Wait_Time from environment.properties
16:54:49.347 [main] INFO  demoWebShop.Base - getEnvProperties-->loading property: Explicit_Wait_Time from environment.properties
16:54:49.348 [main] INFO  demoWebShop.Base - getEnvProperties-->loading property: userName from environment.properties
16:54:49.349 [main] INFO  demoWebShop.Base - getEnvProperties-->loading property: passWord from environment.properties
16:54:49.350 [main] INFO  demoWebShop.Base - getEnvProperties-->loading property: emailId from environment.properties
16:54:49.351 [main] INFO  demoWebShop.Base - getEnvProperties-->loading property: URL_IN_USE from environment.properties
16:54:49.352 [main] INFO  demoWebShop.Base - getEnvProperties-->loading property: App_Direct_URL from environment.properties
16:54:49.353 [main] INFO  demoWebShop.Base - getProperties-->loading property: Screenshot_Archive_Days from environment.properties
16:54:52.462 [main] INFO  keywords.CommonActionKeywords - Driver initiaized successfully
16:54:52.507 [main] INFO  keywords.CommonActionKeywords - Closing all the browsers
16:54:53.186 [main] INFO  utilities.Log - Application closed successfully
16:54:53.192 [main] INFO  demoWebShop.Base - getProperties-->loading property: TestReport_Folder from environment.properties
16:54:53.316 [main] INFO  keywords.CommonActionKeywords - Test Cases Passed: [ResultMap map=[]]
16:54:53.317 [main] INFO  keywords.CommonActionKeywords - Test Cases Failed: [ResultMap map=[]]
16:54:53.317 [main] INFO  keywords.CommonActionKeywords - *****************************************************************************************************
16:54:53.317 [main] INFO  keywords.CommonActionKeywords - Test Case execution report available at: null
16:54:53.318 [main] INFO  keywords.CommonActionKeywords - Execution completed: 2021-08-22T16:54:53.208+0530
16:54:53.319 [main] INFO  keywords.CommonActionKeywords - *****************************************************************************************************
